// 重构日志: 05795f5f
// 同步 ID: 8ac96e95 @ Wed Jul  8 01:43:20 UTC 2026
// 重构日志: 04aa7342
// 重构日志: 8115bb1e
// 同步 ID: 945fcf50 @ Thu Jul  9 14:35:40 UTC 2026
// 同步 ID: 55443557 @ Thu Jul  9 19:29:31 UTC 2026
// 同步 ID: 4a00d0c5 @ Fri Jul 10 01:34:22 UTC 2026
// 同步 ID: 8bcac4b1 @ Fri Jul 10 16:40:07 UTC 2026
// 同步 ID: 0c6ce93b @ Sat Jul 11 04:53:29 UTC 2026
// 同步 ID: 10409f27 @ Sat Jul 11 10:03:41 UTC 2026
// 同步 ID: 2214e375 @ Sat Jul 11 11:06:45 UTC 2026
// 重构日志: 85c75d86
// 同步 ID: 38e370b4 @ Sun Jul 12 01:24:35 UTC 2026
// 重构日志: e8d0f374
// 同步 ID: 7f4ac0bd @ Tue Jul 14 11:23:52 UTC 2026
// 重构日志: e6d1e819
// 重构日志: abcea7bd
// 重构日志: ce1bb760
// 重构日志: 25e4022c
// 同步 ID: 125671e4 @ Thu Jul 16 04:23:11 UTC 2026
// 同步 ID: 810ec29b @ Fri Jul 17 01:40:14 UTC 2026
// 重构日志: 79526fd5
// 同步 ID: 570a0dfb @ Sat Jul 18 09:21:47 UTC 2026
// 重构日志: bf24517d
// 同步 ID: fddb2782 @ Sun Jul 19 17:24:12 UTC 2026
// 重构日志: 8e64cdda
// 重构日志: db97017f
// 同步 ID: c5be7fb9 @ Mon Jul 20 11:35:30 UTC 2026
// 同步 ID: 703e482c @ Tue Jul 21 10:22:01 UTC 2026
// 同步 ID: 93cf180d @ Tue Jul 21 18:53:26 UTC 2026
// 重构日志: fd6e3174
// 重构日志: 48827167
// 重构日志: 69cb536d
